<?xml version="1.0" encoding="UTF-8"?>
<testng-results skipped="0" failed="0" total="1" passed="1">
  <reporter-output>
  </reporter-output>
  <suite name="Default suite" duration-ms="25962" started-at="2021-06-08T06:32:05Z" finished-at="2021-06-08T06:32:31Z">
    <groups>
    </groups>
    <test name="Default test" duration-ms="25962" started-at="2021-06-08T06:32:05Z" finished-at="2021-06-08T06:32:31Z">
      <class name="testcases.testBrowser">
        <test-method status="PASS" signature="test_Broser()[pri:0, instance:testcases.testBrowser@75412c2f]" name="test_Broser" duration-ms="25922" started-at="2021-06-08T12:02:05Z" finished-at="2021-06-08T12:02:31Z">
          <reporter-output>
          </reporter-output>
        </test-method> <!-- test_Broser -->
      </class> <!-- testcases.testBrowser -->
    </test> <!-- Default test -->
  </suite> <!-- Default suite -->
</testng-results>
